Arguments: 
  /home/ahsen/.nvm/versions/node/v14.15.1/bin/node /usr/share/yarn/bin/yarn.js add gatsby-transformer-sharp gatsby-plugin-sharp

PATH: 
  /home/ahsen/.nvm/versions/node/v14.15.1/bin:/usr/local/sbin:/usr/local/bin:/usr/sbin:/usr/bin:/sbin:/bin:/usr/games:/usr/local/games:/snap/bin

Yarn version: 
  1.22.5

Node version: 
  14.15.1

Platform: 
  linux x64

Trace: 
  Error: connect ENETUNREACH 104.16.26.35:443 - Local (0.0.0.0:0)
      at internalConnect (net.js:921:16)
      at defaultTriggerAsyncIdScope (internal/async_hooks.js:429:12)
      at emitLookup (net.js:1064:9)
      at /usr/share/yarn/lib/cli.js:107524:28
      at /usr/share/yarn/lib/cli.js:107433:13
      at RawTask.module.exports.RawTask.call (/usr/share/yarn/lib/cli.js:83614:19)
      at flush (/usr/share/yarn/lib/cli.js:83696:29)
      at processTicksAndRejections (internal/process/task_queues.js:75:11)

npm manifest: 
  {
    "name": "gatsby-starter-minimal",
    "version": "1.0.0",
    "private": true,
    "description": "A Gatsby starter with no plugins and a single welcome page.",
    "author": "Laurie Barth",
    "keywords": [
      "gatsby"
    ],
    "scripts": {
      "develop": "gatsby develop",
      "start": "gatsby develop",
      "build": "gatsby build",
      "serve": "gatsby serve",
      "clean": "gatsby clean"
    },
    "license": "0BSD",
    "dependencies": {
      "@contentful/gatsby-transformer-contentful-richtext": "^13.1.0",
      "dotenv": "^8.2.0",
      "gatsby": "^2.26.1",
      "gatsby-image": "^2.8.0",
      "gatsby-source-contentful": "^4.3.1",
      "react": "^16.13.1",
      "react-dom": "^16.13.1"
    }
  }

yarn manifest: 
  No manifest

Lockfile: 
  No lockfile
